# JRE version: Java(TM) SE Runtime Environment (8.0_25-b17) (build 1.8.0_25-b17)
# Java VM: Java HotSpot(TM) 64-Bit Server VM (25.25-b02 mixed mode linux-amd64 compressed oops)
Heap:
 PSYoungGen      total 224256K, used 15175K [0x00000000eb800000, 0x0000000100000000, 0x0000000100000000)
  eden space 112640K, 0% used [0x00000000eb800000,0x00000000eb800000,0x00000000f2600000)
  from space 111616K, 13% used [0x00000000f2600000,0x00000000f34d1f48,0x00000000f9300000)
  to   space 111616K, 0% used [0x00000000f9300000,0x00000000f9300000,0x0000000100000000)
 ParOldGen       total 547840K, used 547633K [0x00000000c2800000, 0x00000000e3f00000, 0x00000000eb800000)
  object space 547840K, 99% used [0x00000000c2800000,0x00000000e3ecc7b8,0x00000000e3f00000)
 Metaspace       used 12880K, capacity 13050K, committed 13184K, reserved 1060864K
  class space    used 1328K, capacity 1387K, committed 1408K, reserved 1048576K
GC Heap History (10 events):
Event: 125,340 GC heap after
Heap after GC invocations=40 (full 5):
 PSYoungGen      total 228352K, used 107492K [0x00000000eb800000, 0x0000000100000000, 0x0000000100000000)
  eden space 120832K, 0% used [0x00000000eb800000,0x00000000eb800000,0x00000000f2e00000)
  from space 107520K, 99% used [0x00000000f2e00000,0x00000000f96f9090,0x00000000f9700000)
  to   space 107520K, 0% used [0x00000000f9700000,0x00000000f9700000,0x0000000100000000)
 ParOldGen       total 547840K, used 369638K [0x00000000c2800000, 0x00000000e3f00000, 0x00000000eb800000)
  object space 547840K, 67% used [0x00000000c2800000,0x00000000d90f9b30,0x00000000e3f00000)
 Metaspace       used 12879K, capacity 13050K, committed 13184K, reserved 1060864K
  class space    used 1328K, capacity 1387K, committed 1408K, reserved 1048576K
}
Event: 131,302 GC heap before
{Heap before GC invocations=41 (full 5):
 PSYoungGen      total 228352K, used 228324K [0x00000000eb800000, 0x0000000100000000, 0x0000000100000000)
  eden space 120832K, 100% used [0x00000000eb800000,0x00000000f2e00000,0x00000000f2e00000)
  from space 107520K, 99% used [0x00000000f2e00000,0x00000000f96f9090,0x00000000f9700000)
  to   space 107520K, 0% used [0x00000000f9700000,0x00000000f9700000,0x0000000100000000)
 ParOldGen       total 547840K, used 369638K [0x00000000c2800000, 0x00000000e3f00000, 0x00000000eb800000)
  object space 547840K, 67% used [0x00000000c2800000,0x00000000d90f9b30,0x00000000e3f00000)
 Metaspace       used 12879K, capacity 13050K, committed 13184K, reserved 1060864K
  class space    used 1328K, capacity 1387K, committed 1408K, reserved 1048576K
Event: 131,492 GC heap after
Heap after GC invocations=41 (full 5):
 PSYoungGen      total 220160K, used 104804K [0x00000000eb800000, 0x0000000100000000, 0x0000000100000000)
  eden space 112640K, 0% used [0x00000000eb800000,0x00000000eb800000,0x00000000f2600000)
  from space 107520K, 97% used [0x00000000f9700000,0x00000000ffd59090,0x0000000100000000)
  to   space 111616K, 0% used [0x00000000f2600000,0x00000000f2600000,0x00000000f9300000)
 ParOldGen       total 547840K, used 395870K [0x00000000c2800000, 0x00000000e3f00000, 0x00000000eb800000)
  object space 547840K, 72% used [0x00000000c2800000,0x00000000daa97b30,0x00000000e3f00000)
 Metaspace       used 12879K, capacity 13050K, committed 13184K, reserved 1060864K
  class space    used 1328K, capacity 1387K, committed 1408K, reserved 1048576K
}
Event: 137,192 GC heap before
{Heap before GC invocations=42 (full 5):
 PSYoungGen      total 220160K, used 217444K [0x00000000eb800000, 0x0000000100000000, 0x0000000100000000)
  eden space 112640K, 100% used [0x00000000eb800000,0x00000000f2600000,0x00000000f2600000)
  from space 107520K, 97% used [0x00000000f9700000,0x00000000ffd59090,0x0000000100000000)
  to   space 111616K, 0% used [0x00000000f2600000,0x00000000f2600000,0x00000000f9300000)
 ParOldGen       total 547840K, used 395870K [0x00000000c2800000, 0x00000000e3f00000, 0x00000000eb800000)
  object space 547840K, 72% used [0x00000000c2800000,0x00000000daa97b30,0x00000000e3f00000)
 Metaspace       used 12879K, capacity 13050K, committed 13184K, reserved 1060864K
  class space    used 1328K, capacity 1387K, committed 1408K, reserved 1048576K
Event: 137,418 GC heap after
Heap after GC invocations=42 (full 5):
 PSYoungGen      total 224256K, used 91780K [0x00000000eb800000, 0x0000000100000000, 0x0000000100000000)
  eden space 112640K, 0% used [0x00000000eb800000,0x00000000eb800000,0x00000000f2600000)
  from space 111616K, 82% used [0x00000000f2600000,0x00000000f7fa1080,0x00000000f9300000)
  to   space 111616K, 0% used [0x00000000f9300000,0x00000000f9300000,0x0000000100000000)
 ParOldGen       total 547840K, used 430430K [0x00000000c2800000, 0x00000000e3f00000, 0x00000000eb800000)
  object space 547840K, 78% used [0x00000000c2800000,0x00000000dcc57b40,0x00000000e3f00000)
 Metaspace       used 12879K, capacity 13050K, committed 13184K, reserved 1060864K
  class space    used 1328K, capacity 1387K, committed 1408K, reserved 1048576K
}
Event: 143,159 GC heap before
{Heap before GC invocations=43 (full 5):
 PSYoungGen      total 224256K, used 204420K [0x00000000eb800000, 0x0000000100000000, 0x0000000100000000)
  eden space 112640K, 100% used [0x00000000eb800000,0x00000000f2600000,0x00000000f2600000)
  from space 111616K, 82% used [0x00000000f2600000,0x00000000f7fa1080,0x00000000f9300000)
  to   space 111616K, 0% used [0x00000000f9300000,0x00000000f9300000,0x0000000100000000)
 ParOldGen       total 547840K, used 430430K [0x00000000c2800000, 0x00000000e3f00000, 0x00000000eb800000)
  object space 547840K, 78% used [0x00000000c2800000,0x00000000dcc57b40,0x00000000e3f00000)
 Metaspace       used 12879K, capacity 13050K, committed 13184K, reserved 1060864K
  class space    used 1328K, capacity 1387K, committed 1408K, reserved 1048576K
Event: 143,351 GC heap after
Heap after GC invocations=43 (full 5):
 PSYoungGen      total 224256K, used 66368K [0x00000000eb800000, 0x0000000100000000, 0x0000000100000000)
  eden space 112640K, 0% used [0x00000000eb800000,0x00000000eb800000,0x00000000f2600000)
  from space 111616K, 59% used [0x00000000f9300000,0x00000000fd3d0000,0x0000000100000000)
  to   space 111616K, 0% used [0x00000000f2600000,0x00000000f2600000,0x00000000f9300000)
 ParOldGen       total 547840K, used 477522K [0x00000000c2800000, 0x00000000e3f00000, 0x00000000eb800000)
  object space 547840K, 87% used [0x00000000c2800000,0x00000000dfa54bc0,0x00000000e3f00000)
 Metaspace       used 12879K, capacity 13050K, committed 13184K, reserved 1060864K
  class space    used 1328K, capacity 1387K, committed 1408K, reserved 1048576K
}
Event: 149,341 GC heap before
{Heap before GC invocations=44 (full 5):
 PSYoungGen      total 224256K, used 179008K [0x00000000eb800000, 0x0000000100000000, 0x0000000100000000)
  eden space 112640K, 100% used [0x00000000eb800000,0x00000000f2600000,0x00000000f2600000)
  from space 111616K, 59% used [0x00000000f9300000,0x00000000fd3d0000,0x0000000100000000)
  to   space 111616K, 0% used [0x00000000f2600000,0x00000000f2600000,0x00000000f9300000)
 ParOldGen       total 547840K, used 477522K [0x00000000c2800000, 0x00000000e3f00000, 0x00000000eb800000)
  object space 547840K, 87% used [0x00000000c2800000,0x00000000dfa54bc0,0x00000000e3f00000)
 Metaspace       used 12880K, capacity 13050K, committed 13184K, reserved 1060864K
  class space    used 1328K, capacity 1387K, committed 1408K, reserved 1048576K
Event: 149,621 GC heap after
Heap after GC invocations=44 (full 5):
 PSYoungGen      total 224256K, used 43456K [0x00000000eb800000, 0x0000000100000000, 0x0000000100000000)
  eden space 112640K, 0% used [0x00000000eb800000,0x00000000eb800000,0x00000000f2600000)
  from space 111616K, 38% used [0x00000000f2600000,0x00000000f5070000,0x00000000f9300000)
  to   space 111616K, 0% used [0x00000000f9300000,0x00000000f9300000,0x0000000100000000)
 ParOldGen       total 547840K, used 522050K [0x00000000c2800000, 0x00000000e3f00000, 0x00000000eb800000)
  object space 547840K, 95% used [0x00000000c2800000,0x00000000e25d0bc0,0x00000000e3f00000)
 Metaspace       used 12880K, capacity 13050K, committed 13184K, reserved 1060864K
  class space    used 1328K, capacity 1387K, committed 1408K, reserved 1048576K
}
Event: 149,621 GC heap before
{Heap before GC invocations=45 (full 6):
 PSYoungGen      total 224256K, used 43456K [0x00000000eb800000, 0x0000000100000000, 0x0000000100000000)
  eden space 112640K, 0% used [0x00000000eb800000,0x00000000eb800000,0x00000000f2600000)
  from space 111616K, 38% used [0x00000000f2600000,0x00000000f5070000,0x00000000f9300000)
  to   space 111616K, 0% used [0x00000000f9300000,0x00000000f9300000,0x0000000100000000)
 ParOldGen       total 547840K, used 522050K [0x00000000c2800000, 0x00000000e3f00000, 0x00000000eb800000)
  object space 547840K, 95% used [0x00000000c2800000,0x00000000e25d0bc0,0x00000000e3f00000)
 Metaspace       used 12880K, capacity 13050K, committed 13184K, reserved 1060864K
  class space    used 1328K, capacity 1387K, committed 1408K, reserved 1048576K

